<?xml version="1.0" encoding="UTF-8"?>
<!-- Generated by org.testng.reporters.JUnitReportReporter -->
<testsuite hostname="DESKTOP-S5J6QL3" failures="0" tests="3" name="MavenProjectFramework.MavenProjectFramework.CreateCustomer" time="11.565" errors="0" timestamp="19 Jan 2019 09:26:00 GMT">
  <testcase classname="MavenProjectFramework.MavenProjectFramework.CreateCustomer" name="deleteCustomer" time="0.002"/>
  <testcase classname="MavenProjectFramework.MavenProjectFramework.CreateCustomer" name="createCustomer" time="11.560"/>
  <testcase classname="MavenProjectFramework.MavenProjectFramework.CreateCustomer" name="modifyCustomer" time="0.003"/>
</testsuite> <!-- MavenProjectFramework.MavenProjectFramework.CreateCustomer -->
